2019-10-28 05:29:06,820 P2794 [INFO] ************************************************************
2019-10-28 05:29:06,821 P2794 [INFO] ConfigSet _OnInstanceBoot
2019-10-28 05:29:06,825 P2794 [INFO] ++++++++++++++++++++++++++++++++++++++++++++++++++++++++++++
2019-10-28 05:29:06,825 P2794 [INFO] Config AWSEBBaseConfig
2019-10-28 05:29:06,827 P2794 [INFO] ============================================================
2019-10-28 05:29:06,827 P2794 [INFO] Command clearbackupfiles
2019-10-28 05:29:06,830 P2794 [INFO] Completed successfully.
2019-10-28 05:29:06,836 P2794 [INFO] ++++++++++++++++++++++++++++++++++++++++++++++++++++++++++++
2019-10-28 05:29:06,836 P2794 [INFO] Config AWSEBMessageOfTheDay
2019-10-28 05:29:06,837 P2794 [INFO] ============================================================
2019-10-28 05:29:06,837 P2794 [INFO] Command 01clearoriginal
2019-10-28 05:29:06,840 P2794 [INFO] Completed successfully.
2019-10-28 05:29:06,841 P2794 [INFO] ============================================================
2019-10-28 05:29:06,841 P2794 [INFO] Command 02createbanner
2019-10-28 05:29:06,845 P2794 [INFO] Completed successfully.
2019-10-28 05:29:06,845 P2794 [INFO] ============================================================
2019-10-28 05:29:06,846 P2794 [INFO] Command 03updatebanner
2019-10-28 05:29:06,857 P2794 [INFO] Completed successfully.
2019-10-28 05:29:06,863 P2794 [INFO] ++++++++++++++++++++++++++++++++++++++++++++++++++++++++++++
2019-10-28 05:29:06,863 P2794 [INFO] Config AWSEBULimitConfig
2019-10-28 05:29:06,863 P2794 [INFO] ============================================================
2019-10-28 05:29:06,864 P2794 [INFO] Command 00removebackup
2019-10-28 05:29:06,866 P2794 [INFO] Completed successfully.
2019-10-28 05:29:06,873 P2794 [INFO] ++++++++++++++++++++++++++++++++++++++++++++++++++++++++++++
2019-10-28 05:29:06,874 P2794 [INFO] Config Infra-InstallContainerHooksPkg
2019-10-28 05:29:06,874 P2794 [INFO] ============================================================
2019-10-28 05:29:06,874 P2794 [INFO] Command 00mkdir
2019-10-28 05:29:06,877 P2794 [INFO] Completed successfully.
2019-10-28 05:29:06,877 P2794 [INFO] ============================================================
2019-10-28 05:29:06,877 P2794 [INFO] Command 01download_container_hooks
2019-10-28 05:29:06,913 P2794 [INFO] Completed successfully.
2019-10-28 05:29:06,913 P2794 [INFO] ============================================================
2019-10-28 05:29:06,914 P2794 [INFO] Command 02install_container_hooks
2019-10-28 05:29:06,922 P2794 [INFO] Completed successfully.
2019-10-28 05:29:06,922 P2794 [INFO] ============================================================
2019-10-28 05:29:06,922 P2794 [INFO] Command 03cleanup
2019-10-28 05:29:06,925 P2794 [INFO] Completed successfully.
2019-10-28 05:29:06,931 P2794 [INFO] ++++++++++++++++++++++++++++++++++++++++++++++++++++++++++++
2019-10-28 05:29:06,931 P2794 [INFO] Config Infra-WriteLeaderTestScript
2019-10-28 05:29:06,936 P2794 [INFO] ++++++++++++++++++++++++++++++++++++++++++++++++++++++++++++
2019-10-28 05:29:06,936 P2794 [INFO] Config Infra-WriteTailLogsConf
2019-10-28 05:29:06,941 P2794 [INFO] ++++++++++++++++++++++++++++++++++++++++++++++++++++++++++++
2019-10-28 05:29:06,941 P2794 [INFO] Config Infra-WriteSystemTailLogsConf
2019-10-28 05:29:06,946 P2794 [INFO] ++++++++++++++++++++++++++++++++++++++++++++++++++++++++++++
2019-10-28 05:29:06,946 P2794 [INFO] Config Infra-WriteBundleLogsConf
2019-10-28 05:29:06,951 P2794 [INFO] ++++++++++++++++++++++++++++++++++++++++++++++++++++++++++++
2019-10-28 05:29:06,951 P2794 [INFO] Config Infra-WritePublishLogsConf
2019-10-28 05:29:06,955 P2794 [INFO] ++++++++++++++++++++++++++++++++++++++++++++++++++++++++++++
2019-10-28 05:29:06,955 P2794 [INFO] Config Infra-WritePublishLogsCron
2019-10-28 05:29:45,939 P3165 [INFO] ************************************************************
2019-10-28 05:29:45,939 P3165 [INFO] ConfigSet Infra-EmbeddedPreBuild
2019-10-28 05:29:48,128 P3255 [INFO] ************************************************************
2019-10-28 05:29:48,128 P3255 [INFO] ConfigSet Infra-EmbeddedPostBuild
2019-10-28 05:34:27,861 P3918 [INFO] ************************************************************
2019-10-28 05:34:27,861 P3918 [INFO] ConfigSet Infra-EmbeddedPreBuild
2019-10-28 05:34:30,041 P4007 [INFO] ************************************************************
2019-10-28 05:34:30,041 P4007 [INFO] ConfigSet Infra-EmbeddedPostBuild
2019-10-28 05:42:06,405 P4820 [INFO] ************************************************************
2019-10-28 05:42:06,405 P4820 [INFO] ConfigSet Infra-EmbeddedPreBuild
2019-10-28 05:42:08,611 P4910 [INFO] ************************************************************
2019-10-28 05:42:08,611 P4910 [INFO] ConfigSet Infra-EmbeddedPostBuild
