2019-10-28 05:29:06,811 [INFO] -----------------------Starting build-----------------------
2019-10-28 05:29:06,817 [INFO] Running configSets: _OnInstanceBoot
2019-10-28 05:29:06,820 [INFO] Running configSet _OnInstanceBoot
2019-10-28 05:29:06,825 [INFO] Running config AWSEBBaseConfig
2019-10-28 05:29:06,831 [INFO] Command clearbackupfiles succeeded
2019-10-28 05:29:06,836 [INFO] Running config AWSEBMessageOfTheDay
2019-10-28 05:29:06,841 [INFO] Command 01clearoriginal succeeded
2019-10-28 05:29:06,845 [INFO] Command 02createbanner succeeded
2019-10-28 05:29:06,857 [INFO] Command 03updatebanner succeeded
2019-10-28 05:29:06,863 [INFO] Running config AWSEBULimitConfig
2019-10-28 05:29:06,867 [INFO] Command 00removebackup succeeded
2019-10-28 05:29:06,873 [INFO] Running config Infra-InstallContainerHooksPkg
2019-10-28 05:29:06,877 [INFO] Command 00mkdir succeeded
2019-10-28 05:29:06,913 [INFO] Command 01download_container_hooks succeeded
2019-10-28 05:29:06,922 [INFO] Command 02install_container_hooks succeeded
2019-10-28 05:29:06,926 [INFO] Command 03cleanup succeeded
2019-10-28 05:29:06,931 [INFO] Running config Infra-WriteLeaderTestScript
2019-10-28 05:29:06,936 [INFO] Running config Infra-WriteTailLogsConf
2019-10-28 05:29:06,941 [INFO] Running config Infra-WriteSystemTailLogsConf
2019-10-28 05:29:06,946 [INFO] Running config Infra-WriteBundleLogsConf
2019-10-28 05:29:06,951 [INFO] Running config Infra-WritePublishLogsConf
2019-10-28 05:29:06,955 [INFO] Running config Infra-WritePublishLogsCron
2019-10-28 05:29:06,957 [INFO] ConfigSets completed
2019-10-28 05:29:06,957 [INFO] -----------------------Build complete-----------------------
2019-10-28 05:29:45,928 [INFO] -----------------------Starting build-----------------------
2019-10-28 05:29:45,936 [INFO] Running configSets: Infra-EmbeddedPreBuild
2019-10-28 05:29:45,939 [INFO] Running configSet Infra-EmbeddedPreBuild
2019-10-28 05:29:45,939 [INFO] ConfigSets completed
2019-10-28 05:29:45,939 [INFO] -----------------------Build complete-----------------------
2019-10-28 05:29:48,118 [INFO] -----------------------Starting build-----------------------
2019-10-28 05:29:48,125 [INFO] Running configSets: Infra-EmbeddedPostBuild
2019-10-28 05:29:48,128 [INFO] Running configSet Infra-EmbeddedPostBuild
2019-10-28 05:29:48,128 [INFO] ConfigSets completed
2019-10-28 05:29:48,128 [INFO] -----------------------Build complete-----------------------
2019-10-28 05:34:27,850 [INFO] -----------------------Starting build-----------------------
2019-10-28 05:34:27,858 [INFO] Running configSets: Infra-EmbeddedPreBuild
2019-10-28 05:34:27,861 [INFO] Running configSet Infra-EmbeddedPreBuild
2019-10-28 05:34:27,861 [INFO] ConfigSets completed
2019-10-28 05:34:27,861 [INFO] -----------------------Build complete-----------------------
2019-10-28 05:34:30,031 [INFO] -----------------------Starting build-----------------------
2019-10-28 05:34:30,038 [INFO] Running configSets: Infra-EmbeddedPostBuild
2019-10-28 05:34:30,041 [INFO] Running configSet Infra-EmbeddedPostBuild
2019-10-28 05:34:30,041 [INFO] ConfigSets completed
2019-10-28 05:34:30,042 [INFO] -----------------------Build complete-----------------------
2019-10-28 05:42:06,395 [INFO] -----------------------Starting build-----------------------
2019-10-28 05:42:06,402 [INFO] Running configSets: Infra-EmbeddedPreBuild
2019-10-28 05:42:06,405 [INFO] Running configSet Infra-EmbeddedPreBuild
2019-10-28 05:42:06,406 [INFO] ConfigSets completed
2019-10-28 05:42:06,406 [INFO] -----------------------Build complete-----------------------
2019-10-28 05:42:08,600 [INFO] -----------------------Starting build-----------------------
2019-10-28 05:42:08,607 [INFO] Running configSets: Infra-EmbeddedPostBuild
2019-10-28 05:42:08,611 [INFO] Running configSet Infra-EmbeddedPostBuild
2019-10-28 05:42:08,611 [INFO] ConfigSets completed
2019-10-28 05:42:08,611 [INFO] -----------------------Build complete-----------------------
