# Logfile created on 2019-10-28 05:29:06 +0000 by logger.rb/47272
A, [2019-10-28T05:29:06.547683 #2783]   ANY -- : healthd daemon 1.0.3 initialized
W, [2019-10-28T05:29:06.623659 #2783]  WARN -- : log file "/var/log/nginx/healthd/application.log.2019-10-28-05" does not exist
W, [2019-10-28T05:29:11.623901 #2783]  WARN -- : log file "/var/log/nginx/healthd/application.log.2019-10-28-05" does not exist
W, [2019-10-28T05:29:16.624153 #2783]  WARN -- : log file "/var/log/nginx/healthd/application.log.2019-10-28-05" does not exist
W, [2019-10-28T05:29:21.624708 #2783]  WARN -- : log file "/var/log/nginx/healthd/application.log.2019-10-28-05" does not exist
W, [2019-10-28T05:29:26.625016 #2783]  WARN -- : log file "/var/log/nginx/healthd/application.log.2019-10-28-05" does not exist
W, [2019-10-28T05:29:31.625338 #2783]  WARN -- : log file "/var/log/nginx/healthd/application.log.2019-10-28-05" does not exist
W, [2019-10-28T05:29:36.625653 #2783]  WARN -- : log file "/var/log/nginx/healthd/application.log.2019-10-28-05" does not exist
W, [2019-10-28T05:29:41.626046 #2783]  WARN -- : log file "/var/log/nginx/healthd/application.log.2019-10-28-05" does not exist
W, [2019-10-28T05:29:46.626332 #2783]  WARN -- : log file "/var/log/nginx/healthd/application.log.2019-10-28-05" does not exist
W, [2019-10-28T05:29:51.626629 #2783]  WARN -- : log file "/var/log/nginx/healthd/application.log.2019-10-28-05" does not exist
A, [2019-10-28T05:29:55.618024 #3629]   ANY -- : healthd daemon 1.0.3 initialized
W, [2019-10-28T05:29:55.749613 #3629]  WARN -- : log file "/var/log/httpd/healthd/application.log.2019-10-28-05" does not exist
W, [2019-10-28T05:30:00.749865 #3629]  WARN -- : log file "/var/log/httpd/healthd/application.log.2019-10-28-05" does not exist
W, [2019-10-28T05:30:05.750109 #3629]  WARN -- : log file "/var/log/httpd/healthd/application.log.2019-10-28-05" does not exist
W, [2019-10-28T05:30:10.750410 #3629]  WARN -- : log file "/var/log/httpd/healthd/application.log.2019-10-28-05" does not exist
W, [2019-10-28T05:30:15.751009 #3629]  WARN -- : log file "/var/log/httpd/healthd/application.log.2019-10-28-05" does not exist
W, [2019-10-28T05:30:20.751317 #3629]  WARN -- : log file "/var/log/httpd/healthd/application.log.2019-10-28-05" does not exist
W, [2019-10-28T05:30:25.751624 #3629]  WARN -- : log file "/var/log/httpd/healthd/application.log.2019-10-28-05" does not exist
W, [2019-10-28T05:30:30.751943 #3629]  WARN -- : log file "/var/log/httpd/healthd/application.log.2019-10-28-05" does not exist
W, [2019-10-28T05:30:35.752270 #3629]  WARN -- : log file "/var/log/httpd/healthd/application.log.2019-10-28-05" does not exist
A, [2019-10-28T05:34:37.495573 #4458]   ANY -- : healthd daemon 1.0.3 initialized
W, [2019-10-28T05:34:47.678918 #4458]  WARN -- : discarding statistic item after validation error (Invalid timestamp): {:id=>"0", :namespace=>"application", :timestamp=>1572240640, :data=>"{\"duration\":10,\"latency_histogram\":[[0.238,1]],\"http_counters\":{\"status_302\":1,\"request_count\":1}}"}
W, [2019-10-28T05:34:47.678986 #4458]  WARN -- : discarding statistic item after validation error (Invalid timestamp): {:id=>"1", :namespace=>"application", :timestamp=>1572240650, :data=>"{\"duration\":10,\"latency_histogram\":[[0.017,1],[0.035,1]],\"http_counters\":{\"status_200\":2,\"request_count\":2}}"}
W, [2019-10-28T05:34:47.679016 #4458]  WARN -- : discarding statistic item after validation error (Invalid timestamp): {:id=>"2", :namespace=>"application", :timestamp=>1572240660, :data=>"{\"duration\":10,\"latency_histogram\":[[0.017,1],[0.02,1],[0.026,1],[0.04,1],[0.246,1],[1.157,1]],\"http_counters\":{\"status_302\":1,\"request_count\":6,\"status_200\":5}}"}
W, [2019-10-28T05:34:47.679041 #4458]  WARN -- : discarding statistic item after validation error (Invalid timestamp): {:id=>"3", :namespace=>"application", :timestamp=>1572240670, :data=>"{\"duration\":10,\"latency_histogram\":[[0.011,1],[0.015,1],[0.019,1],[0.023,1],[0.024,1],[0.033,1],[0.042,1],[0.043,1],[0.052,1],[0.783,1]],\"http_counters\":{\"status_200\":10,\"request_count\":10}}"}
W, [2019-10-28T05:36:17.533851 #4458]  WARN -- : discarding statistic item after validation error (Invalid timestamp): {:id=>"0", :namespace=>"application", :timestamp=>1572240690, :data=>"{\"duration\":10,\"latency_histogram\":[[0.03,1],[0.053,1]],\"http_counters\":{\"status_302\":1,\"request_count\":2,\"status_200\":1}}"}
A, [2019-10-28T05:42:16.069741 #5361]   ANY -- : healthd daemon 1.0.3 initialized
W, [2019-10-28T05:42:26.264787 #5361]  WARN -- : discarding statistic item after validation error (Invalid timestamp): {:id=>"0", :namespace=>"application", :timestamp=>1572240640, :data=>"{\"duration\":10,\"latency_histogram\":[[0.238,1]],\"http_counters\":{\"status_302\":1,\"request_count\":1}}"}
W, [2019-10-28T05:42:26.264859 #5361]  WARN -- : discarding statistic item after validation error (Invalid timestamp): {:id=>"1", :namespace=>"application", :timestamp=>1572240650, :data=>"{\"duration\":10,\"latency_histogram\":[[0.017,1],[0.035,1]],\"http_counters\":{\"status_200\":2,\"request_count\":2}}"}
W, [2019-10-28T05:42:26.264909 #5361]  WARN -- : discarding statistic item after validation error (Invalid timestamp): {:id=>"2", :namespace=>"application", :timestamp=>1572240660, :data=>"{\"duration\":10,\"latency_histogram\":[[0.017,1],[0.02,1],[0.026,1],[0.04,1],[0.246,1],[1.157,1]],\"http_counters\":{\"status_302\":1,\"request_count\":6,\"status_200\":5}}"}
W, [2019-10-28T05:42:26.264937 #5361]  WARN -- : discarding statistic item after validation error (Invalid timestamp): {:id=>"3", :namespace=>"application", :timestamp=>1572240670, :data=>"{\"duration\":10,\"latency_histogram\":[[0.011,1],[0.015,1],[0.019,1],[0.023,1],[0.024,1],[0.033,1],[0.042,1],[0.043,1],[0.052,1],[0.783,1]],\"http_counters\":{\"status_200\":10,\"request_count\":10}}"}
W, [2019-10-28T05:42:26.264960 #5361]  WARN -- : discarding statistic item after validation error (Invalid timestamp): {:id=>"4", :namespace=>"application", :timestamp=>1572240690, :data=>"{\"duration\":10,\"latency_histogram\":[[0.03,1],[0.053,1]],\"http_counters\":{\"status_302\":1,\"request_count\":2,\"status_200\":1}}"}
W, [2019-10-28T05:42:26.264982 #5361]  WARN -- : discarding statistic item after validation error (Invalid timestamp): {:id=>"5", :namespace=>"application", :timestamp=>1572240980, :data=>"{\"duration\":10,\"latency_histogram\":[[0.008,1],[0.216,1]],\"http_counters\":{\"status_302\":1,\"request_count\":2,\"status_200\":1}}"}
W, [2019-10-28T05:42:26.265005 #5361]  WARN -- : discarding statistic item after validation error (Invalid timestamp): {:id=>"6", :namespace=>"application", :timestamp=>1572241000, :data=>"{\"duration\":10,\"latency_histogram\":[[0.012,1],[0.052,2],[0.058,1],[1.175,1]],\"http_counters\":{\"status_404\":1,\"request_count\":5,\"status_200\":4}}"}
W, [2019-10-28T05:42:26.265026 #5361]  WARN -- : discarding statistic item after validation error (Invalid timestamp): {:id=>"7", :namespace=>"application", :timestamp=>1572241010, :data=>"{\"duration\":10,\"latency_histogram\":[[0.002,1],[0.016,1]],\"http_counters\":{\"status_302\":1,\"request_count\":2,\"status_200\":1}}"}
W, [2019-10-28T05:42:26.265048 #5361]  WARN -- : discarding statistic item after validation error (Invalid timestamp): {:id=>"8", :namespace=>"application", :timestamp=>1572241020, :data=>"{\"duration\":10,\"latency_histogram\":[[0.013,1],[0.014,2],[0.017,1],[0.019,1],[0.034,1],[0.035,1],[0.04,1],[0.248,1],[0.281,1],[0.736,1]],\"http_counters\":{\"status_302\":1,\"request_count\":11,\"status_200\":10}}"}
W, [2019-10-28T05:43:06.103567 #5361]  WARN -- : discarding statistic item after validation error (Invalid timestamp): {:id=>"0", :namespace=>"application", :timestamp=>1572241040, :data=>"{\"duration\":10,\"latency_histogram\":[[0.007,1],[0.009,1],[0.026,1],[0.027,1],[0.031,1]],\"http_counters\":{\"status_404\":1,\"request_count\":5,\"status_200\":4}}"}
W, [2019-10-28T05:45:26.098950 #5361]  WARN -- : discarding statistic item after validation error (Invalid timestamp): {:id=>"0", :namespace=>"application", :timestamp=>1572241430, :data=>"{\"duration\":10,\"latency_histogram\":[[0.017,1],[0.019,1],[0.031,1],[0.032,1],[0.772,1]],\"http_counters\":{\"status_200\":5,\"request_count\":5}}"}
W, [2019-10-28T05:56:46.101127 #5361]  WARN -- : discarding statistic item after validation error (Invalid timestamp): {:id=>"0", :namespace=>"application", :timestamp=>1572241630, :data=>"{\"duration\":10,\"latency_histogram\":[[0.001,1],[0.002,1],[0.015,1],[0.016,1],[0.019,1],[0.022,1],[0.025,1],[0.028,1],[0.031,1]],\"http_counters\":{\"status_302\":1,\"request_count\":9,\"status_200\":8}}"}
